20071107-1231  2007-11-07 12:31:50  2007-11-07 13:01:54   30.07   67
20080111-1055  2008-01-11 10:55:26  2008-01-11 11:05:16    9.83   47
20080428-1815  2008-04-28 18:15:35  2008-04-28 19:55:49  100.23   92
20080505-0553  2008-05-05 05:53:50  2008-05-05 06:37:20   43.50   31
20080721-0107  2008-07-21 01:07:58  2008-07-21 02:01:35   53.61   50
20080722-0446  2008-07-22 04:46:19  2008-07-22 04:57:51   11.54   10
20080722-1519  2008-07-22 15:19:12  2008-07-22 15:53:05   33.88   35
20080723-1047  2008-07-23 10:47:58  2008-07-23 11:37:52   49.90   27
20080723-2025  2008-07-23 20:25:49  2008-07-23 21:26:03   60.24   40
20080724-1411  2008-07-24 14:11:20  2008-07-24 15:10:05   58.76   36
20081113-0109  2008-11-13 01:09:12  2008-11-13 02:38:55   89.72   58
20090122-2105  2009-01-22 21:05:01  2009-01-22 21:18:51   13.83   19
20090329-2023  2009-03-29 20:23:10  2009-03-29 20:35:09   11.99   23
20090718-1106  2009-07-18 11:06:02  2009-07-18 11:51:34   45.53   51
20091005-0043  2009-10-05 00:43:46  2009-10-05 01:56:39   72.88  155
20091006-0333  2009-10-06 03:33:29  2009-10-06 04:40:48   67.33   39
20091006-1857  2009-10-06 18:57:12  2009-10-06 19:34:01   36.82   17
20091006-2102  2009-10-06 21:02:22  2009-10-06 21:17:54   15.53   10
20091007-0233  2009-10-07 02:33:47  2009-10-07 05:50:17  196.50   41
20100623-1826  2010-06-23 18:26:08  2010-06-23 19:00:18   34.16   70
20100625-1453  2010-06-25 14:53:37  2010-06-25 16:44:38  111.01   62
20100702-1533  2010-07-02 15:33:45  2010-07-02 16:39:07   65.37   14
20100811-0102  2010-08-11 01:02:31  2010-08-11 01:11:51    9.32   15
20101024-2105  2010-10-24 21:05:37  2010-10-24 21:35:28   29.84    5
20101027-0133  2010-10-27 01:33:02  2010-10-27 01:47:29   14.46    6
20101103-1253  2010-11-03 12:53:42  2010-11-03 13:37:29   43.78    6
20101115-2109  2010-11-15 21:09:10  2010-11-15 21:24:47   15.62    7
20101126-1139  2010-11-26 11:39:01  2010-11-26 13:29:37  110.60   91
20101203-1141  2010-12-03 11:41:45  2010-12-03 13:33:43  111.97   78
20101208-0929  2010-12-08 09:29:31  2010-12-08 11:10:49  101.31   42
20110123-0202  2011-01-23 02:02:04  2011-01-23 03:18:41   76.61   21
20110212-0207  2011-02-12 02:07:13  2011-02-12 02:13:09    5.93   22
20110216-1905  2011-02-16 19:05:07  2011-02-16 19:58:42   53.59   27
20110223-1956  2011-02-23 19:56:24  2011-02-23 22:43:39  167.25   69
20110328-1905  2011-03-28 19:05:57  2011-03-28 23:28:34  262.61  109
20110330-2342  2011-03-30 23:42:15  2011-03-31 00:23:21   41.09   12
20110505-0351  2011-05-05 03:51:41  2011-05-05 04:18:52   27.19   21
20110709-1545  2011-07-09 15:45:31  2011-07-09 16:52:05   66.57   21
20110709-2029  2011-07-09 20:29:41  2011-07-09 21:15:19   45.64   16
20110815-2119  2011-08-15 21:19:16  2011-08-15 21:55:40   36.41   21
20111022-1718  2011-10-22 17:18:01  2011-10-22 17:30:12   12.20    7
20111118-0021  2011-11-18 00:21:59  2011-11-18 01:55:44   93.76   26
20111201-0319  2011-12-01 03:19:33  2011-12-01 03:27:46    8.22    9
20111206-1734  2011-12-06 17:34:08  2011-12-06 18:24:09   50.02   38
20111214-2047  2011-12-14 20:46:42  2011-12-14 21:03:26   16.73   25
20120117-1602  2012-01-17 16:02:19  2012-01-17 16:20:19   18.01   16
20120229-1336  2012-02-29 13:36:59  2012-02-29 13:45:53    8.89    9
20120322-2004  2012-03-22 20:04:04  2012-03-22 21:04:58   60.89  150
20120323-0710  2012-03-23 07:10:14  2012-03-23 10:01:20  171.09  157
20120807-2248  2012-08-07 22:48:49  2012-08-08 00:12:41   83.88   14
20120808-1858  2012-08-08 18:58:50  2012-08-08 19:18:44   19.90   13
20120813-1143  2012-08-13 11:43:37  2012-08-13 11:46:58    3.35    9
20120818-2306  2012-08-18 22:25:45  2012-08-19 00:14:35  108.82   32
20120819-0625  2012-08-19 06:25:11  2012-08-19 06:27:33    2.37    7
20120819-2310  2012-08-19 23:10:31  2012-08-19 23:35:03   24.54   16
20120820-1424  2012-08-20 14:24:06  2012-08-20 14:32:13    8.11   16
20120820-2144  2012-08-20 21:44:25  2012-08-20 22:16:27   32.04    8
20120824-2316  2012-08-24 23:16:07  2012-08-24 23:17:01    0.89    3
20120827-1702  2012-08-27 17:02:11  2012-08-27 17:03:12    1.01    3
20120827-2019  2012-08-27 20:19:28  2012-08-27 20:25:24    5.94    7
20120828-1719  2012-08-28 17:19:32  2012-08-28 17:34:29   14.95   10
20120830-0129  2012-08-30 01:29:59  2012-08-30 01:34:29    4.50    6
20120830-1052  2012-08-30 10:52:30  2012-08-30 10:54:46    2.27    5
20120831-1856  2012-08-31 18:56:32  2012-08-31 19:02:24    5.87   12
20120901-0735  2012-09-01 07:35:49  2012-09-01 07:38:24    2.58    7
20120901-1146  2012-09-01 11:46:49  2012-09-01 11:48:31    1.70    5
20120904-0259  2012-09-04 02:59:41  2012-09-04 03:07:44    8.05   13
20120905-2012  2012-09-05 20:12:43  2012-09-05 20:15:44    3.01    5
20121105-1148  2012-11-05 11:48:39  2012-11-05 12:26:20   37.68   30
20121130-2110  2012-11-30 21:10:08  2012-11-30 21:42:45   32.61   90
20121224-1133  2012-12-24 11:33:33  2012-12-24 12:05:17   31.74   42
20130204-0212  2013-02-04 02:12:09  2013-02-04 04:10:46  118.62   25
20130204-1259  2013-02-04 12:59:49  2013-02-04 13:39:56   40.12   69
20130205-0143  2013-02-05 01:43:54  2013-02-05 02:44:57   61.06   32
20130205-0940  2013-02-05 09:55:17  2013-02-05 10:39:54   44.61   10
20130803-0356  2013-08-03 03:56:33  2013-08-03 04:04:54    8.34   29
20130919-0339  2013-09-19 03:39:03  2013-09-19 03:50:20   11.27    4
20130922-1213  2013-09-22 12:13:12  2013-09-22 12:53:40   40.47   20
20131027-1109  2013-10-27 11:09:21  2013-10-27 11:22:18   12.95    7
20140128-0818  2014-01-28 08:18:06  2014-01-28 08:45:19   27.21   36
20140308-1144  2014-03-08 11:44:12  2014-03-08 12:36:20   52.13  118
20140308-1751  2014-03-08 17:51:33  2014-03-08 18:09:11   17.64   60
20140309-0610  2014-03-09 06:10:50  2014-03-09 07:06:34   55.73   53
20140617-1636  2014-06-17 16:36:26  2014-06-17 18:36:27  120.02   46
20140717-0201  2014-07-17 02:01:31  2014-07-17 02:35:10   33.66   12
20140726-1747  2014-07-26 17:47:10  2014-07-26 17:48:19    1.15   11
20140906-2244  2014-09-06 22:44:41  2014-09-06 22:48:14    3.55    4
20141112-0535  2014-11-12 05:53:50  2014-11-12 06:16:50   23.00   53
20150203-1014  2015-02-03 10:14:30  2015-02-03 10:18:29    3.99    7
20150208-0258  2015-02-08 02:58:08  2015-02-08 03:04:58    6.84    6
20150214-0341  2015-02-14 03:41:37  2015-02-14 04:34:28   52.85    9
20150219-0500  2015-02-19 05:00:40  2015-02-19 05:05:10    4.51    5
20150224-0138  2015-02-24 01:38:41  2015-02-24 01:45:23    6.70    8
20150312-2048  2015-03-12 20:48:38  2015-03-12 20:51:52    3.22    5
20150404-0053  2015-04-04 00:53:51  2015-04-04 01:17:31   23.67   42
20150614-1230  2015-06-14 12:30:40  2015-06-14 12:36:41    6.01    5
20150614-1427  2015-06-14 14:27:10  2015-06-14 15:06:44   39.57    8
20150623-0035  2015-06-23 00:35:48  2015-06-23 00:49:12   13.40   17
20150705-0202  2015-07-05 02:02:16  2015-07-05 02:07:21    5.08    5
20150705-1124  2015-07-05 11:24:49  2015-07-05 11:31:12    6.39    6
20150717-2327  2015-07-17 23:27:36  2015-07-17 23:36:43    9.13   12
20150723-0154  2015-07-23 01:54:56  2015-07-23 02:02:07    7.18   11
20150804-0353  2015-08-04 03:53:05  2015-08-04 04:01:08    8.04   19
20150812-1219  2015-08-12 12:19:15  2015-08-12 12:47:34   28.31   21
20150812-1641  2015-08-12 16:41:25  2015-08-12 18:50:29  129.06   28
20150909-1352  2015-09-09 13:52:35  2015-09-09 14:48:44   56.14    9
20150915-0129  2015-09-15 01:29:58  2015-09-15 01:35:15    5.29   22
20151001-0920  2015-10-01 09:20:52  2015-10-01 09:23:07    2.25   11
20151002-2232  2015-10-02 22:32:18  2015-10-02 22:42:42   10.40   33
20151023-2112  2015-10-23 21:12:38  2015-10-23 21:31:21   18.72   23
20151107-1836  2015-11-07 18:36:13  2015-11-07 18:40:21    4.14    4
20151120-2146  2015-11-20 21:46:37  2015-11-20 22:36:54   50.29   47
20151225-0112  2015-12-25 01:12:57  2015-12-25 01:37:55   24.96   70
20160204-1820  2016-02-04 18:20:09  2016-02-04 18:29:19    9.16   15
20160305-0822  2016-03-05 08:22:48  2016-03-05 08:57:37   34.81   63
20160315-0158  2016-03-15 01:58:18  2016-03-15 02:15:43   17.41   21
20160320-1853  2016-03-20 18:53:31  2016-03-20 18:58:09    4.64    7
20160412-1425  2016-04-12 14:25:12  2016-04-12 15:02:54   37.69   21
20160419-2010  2016-04-19 20:10:51  2016-04-19 20:20:17    9.43    7
20160516-0421  2016-05-16 04:21:06  2016-05-16 05:04:37   43.51   18
20160613-0205  2016-06-13 02:05:42  2016-06-13 02:12:21    6.65    4
20160614-2049  2016-06-14 20:49:09  2016-06-14 21:05:02   15.88   23
20160707-2139  2016-07-07 21:39:51  2016-07-07 21:50:54   11.06   12
20160828-2022  2016-08-28 20:22:56  2016-08-28 21:06:57   44.01   39
20160917-0448  2016-09-17 04:48:50  2016-09-17 04:50:48    1.97    7
20161001-2027  2016-10-01 20:27:49  2016-10-01 22:17:40  109.86   41
20161010-1745  2016-10-10 17:45:41  2016-10-10 18:28:11   42.51   27
20161012-0437  2016-10-12 04:37:03  2016-10-12 04:37:54    0.85    8
20161107-0423  2016-11-07 04:23:05  2016-11-07 05:31:17   68.20   64
20170123-1355  2017-01-23 13:55:39  2017-01-23 14:31:12   35.54    9
20170216-0531  2017-02-16 05:31:03  2017-02-16 06:44:56   73.88   19
20170315-0354  2017-03-15 03:54:55  2017-03-15 04:03:14    8.31    9
20170414-1825  2017-04-14 18:25:39  2017-04-14 19:19:24   53.75   24
20170420-1817  2017-04-20 18:17:52  2017-04-20 18:18:38    0.77    3
20170501-1700  2017-05-01 17:00:34  2017-05-01 17:50:56   50.38    8
20170517-1901  2017-05-17 19:01:04  2017-05-17 19:26:22   25.30   11
20170706-0905  2017-07-06 09:05:51  2017-07-06 10:11:23   65.52   11
20170706-1452  2017-07-06 14:52:25  2017-07-06 15:57:49   65.40   28
20170721-0248  2017-07-21 02:48:35  2017-07-21 02:48:58    0.37    8
20170727-1040  2017-07-27 10:40:17  2017-07-27 11:52:14   71.94  127
20170729-1406  2017-07-29 14:06:54  2017-07-29 20:23:01  376.12  137
20170729-2301  2017-07-29 23:01:25  2017-07-29 23:03:23    1.95   10
20170823-1738  2017-08-23 17:38:44  2017-08-23 17:42:17    3.55   11
20170913-1414  2017-09-13 14:14:24  2017-09-13 15:07:56   53.54    6
20170913-1704  2017-09-13 17:04:30  2017-09-13 17:15:04   10.58   13
20171028-0020  2017-10-28 00:20:57  2017-10-28 01:31:47   70.83   21
20180106-0732  2018-01-06 07:27:28  2018-01-06 07:46:11   18.71   15
20180119-1103  2018-01-19 11:03:27  2018-01-19 11:16:20   12.88   12
20180225-1744  2018-02-25 17:44:37  2018-02-25 17:46:06    1.49   10
20180609-0930  2018-06-09 09:30:50  2018-06-09 09:38:42    7.88   11
20180630-0719  2018-06-30 07:19:32  2018-06-30 07:22:26    2.91    4
20180713-1218  2018-07-13 12:18:15  2018-07-13 12:25:19    7.07   12
20180726-1733  2018-07-26 17:33:32  2018-07-26 17:36:06    2.56    7
20180727-1336  2018-07-27 13:36:56  2018-07-27 14:04:01   27.07   30
20180821-0344  2018-08-21 03:44:22  2018-08-21 03:47:44    3.37    7
20180905-1544  2018-09-05 15:44:56  2018-09-05 16:24:26   39.50    6
20180910-1740  2018-09-10 17:40:24  2018-09-10 17:42:04    1.65   12
20180911-1406  2018-09-11 14:06:34  2018-09-11 14:37:07   30.55    4
20180916-1452  2018-09-16 14:52:59  2018-09-16 15:20:27   27.47    9
20180921-2306  2018-09-21 23:06:34  2018-09-22 00:23:05   76.52   22
20181007-2052  2018-10-07 20:52:37  2018-10-07 21:17:22   24.74   12
20181026-0600  2018-10-26 06:00:26  2018-10-26 06:08:22    7.94   21
20181029-0708  2018-10-29 07:08:28  2018-10-29 07:13:47    5.32   12
20181113-0817  2018-11-13 08:17:14  2018-11-13 09:10:16   53.02   63
20181130-2048  2018-11-30 20:48:03  2018-11-30 21:07:16   19.21   15
20181230-1851  2018-12-30 18:51:58  2018-12-30 20:09:51   77.89   10
20190111-0132  2019-01-11 01:32:23  2019-01-11 01:53:43   21.33    8
20190111-1353  2019-01-11 13:53:29  2019-01-11 14:29:16   35.79   34
20190113-0728  2019-01-13 07:28:11  2019-01-13 07:29:30    1.32    3
20190119-0233  2019-01-19 02:33:49  2019-01-19 02:56:02   22.21   19
20190121-1217  2019-01-21 12:17:14  2019-01-21 12:28:36   11.36    3
20190124-1907  2019-01-24 19:07:53  2019-01-24 19:08:32    0.65    8
20190201-0949  2019-02-01 09:49:00  2019-02-01 11:49:02  120.03    8
20190202-1026  2019-02-02 10:26:03  2019-02-02 11:11:10   45.11   11
20190203-1827  2019-02-03 18:27:45  2019-02-03 20:47:09  139.41   44
20190207-1101  2019-02-07 11:01:33  2019-02-07 11:32:59   31.44    5
20190218-1919  2019-02-18 19:19:04  2019-02-18 19:56:42   37.63    5
20190302-1730  2019-03-02 17:30:38  2019-03-02 17:32:58    2.33    2
20190319-2343  2019-03-19 23:43:26  2019-03-20 00:14:23   30.94   25
20190321-1020  2019-03-21 10:20:48  2019-03-21 11:41:09   80.34    9
20190329-2137  2019-03-29 21:37:13  2019-03-29 21:51:53   14.66    8
20190410-2203  2019-04-10 22:03:23  2019-04-10 22:33:53   30.50   68
20190428-2346  2019-04-28 23:46:30  2019-04-29 00:37:03   50.54    4
20190507-1411  2019-05-07 14:11:29  2019-05-07 14:33:52   22.38    8
20190513-0956  2019-05-13 09:56:49  2019-05-13 09:58:36    1.78    2
20190610-2323  2019-06-10 23:23:13  2019-06-10 23:34:48   11.58    4
20190623-2035  2019-06-23 20:35:06  2019-06-23 20:45:35   10.49    5
20190624-0816  2019-06-24 08:16:54  2019-06-24 08:19:39    2.74    5
20190628-0705  2019-06-28 07:05:28  2019-06-28 07:11:06    5.63    3
20190701-0044  2019-07-01 00:44:14  2019-07-01 00:51:06    6.87   17
20190701-1352  2019-07-01 13:52:08  2019-07-01 13:57:09    5.01    4
20190815-2054  2019-08-15 20:54:41  2019-08-15 21:03:27    8.77    9
20190819-2331  2019-08-19 23:31:25  2019-08-20 00:18:09   46.73    9
20190828-1747  2019-08-28 17:47:15  2019-08-28 17:47:54    0.66    4
20190830-0449  2019-08-30 04:49:27  2019-08-30 05:12:23   22.92    8
20190901-2034  2019-09-01 20:34:44  2019-09-01 20:51:25   16.67   16
20190905-1607  2019-09-05 16:07:01  2019-09-05 16:32:48   25.78   38
20190910-1136  2019-09-10 11:36:12  2019-09-10 11:50:49   14.62   10
20190915-0317  2019-09-15 03:17:09  2019-09-15 03:27:12   10.05    3
20190924-0935  2019-09-24 09:35:28  2019-09-24 11:14:14   98.75   19
20190926-0100  2019-09-26 01:00:12  2019-09-26 02:13:58   73.78   10
20190930-0823  2019-09-30 08:23:10  2019-09-30 09:16:11   53.01    9
20191003-1652  2019-10-03 16:52:48  2019-10-03 17:04:32   11.72    4
20191003-1849  2019-10-03 18:49:17  2019-10-03 19:37:25   48.12   17
20191004-0644  2019-10-04 06:44:33  2019-10-04 06:45:44    1.19    6
20191005-2053  2019-10-05 20:53:07  2019-10-05 20:53:43    0.59    3
20191006-1813  2019-10-06 18:13:01  2019-10-06 18:13:19    0.29    3
20191022-2215  2019-10-22 22:15:57  2019-10-22 23:27:55   71.96   46
20191026-2114  2019-10-26 21:14:21  2019-10-26 21:22:31    8.16    5
20191114-0621  2019-11-14 06:21:15  2019-11-14 06:25:44    4.49    3
20191115-0224  2019-11-15 02:24:08  2019-11-15 02:30:47    6.65   10
20191116-2022  2019-11-16 20:22:19  2019-11-16 20:38:52   16.55    9
20191117-0153  2019-11-17 01:53:20  2019-11-17 01:57:44    4.39    4
20191117-0510  2019-11-17 05:10:20  2019-11-17 05:15:54    5.56    8
20191118-1910  2019-11-18 19:10:53  2019-11-18 19:20:07    9.23    5
20191118-2330  2019-11-18 23:30:05  2019-11-18 23:30:17    0.20    2
20191123-2239  2019-11-23 22:39:02  2019-11-23 23:03:36   24.57    7
20191125-0238  2019-11-25 02:38:49  2019-11-25 02:40:41    1.88   10
20191128-0415  2019-11-28 04:15:00  2019-11-28 05:41:10   86.17   19
20191129-1006  2019-11-29 10:06:56  2019-11-29 10:19:09   12.23    4
20191129-1351  2019-11-29 13:51:26  2019-11-29 13:51:44    0.30    3
20191203-0225  2019-12-03 02:25:40  2019-12-03 02:53:03   27.38   11
20191205-0350  2019-12-05 03:50:54  2019-12-05 03:54:29    3.58    2
20191209-0354  2019-12-09 03:54:31  2019-12-09 03:57:41    3.17    9
20191221-0734  2019-12-21 07:34:31  2019-12-21 07:53:15   18.73    6
20191225-0148  2019-12-25 01:48:25  2019-12-25 02:55:40   67.25   37
20191230-1114  2019-12-30 11:14:02  2019-12-30 11:14:32    0.50    3
20191230-1742  2019-12-30 17:42:51  2019-12-30 17:44:02    1.18    8
20200103-0908  2020-01-03 09:08:41  2020-01-03 09:23:44   15.05    6
20200114-1728  2020-01-14 17:28:33  2020-01-14 17:29:17    0.74    2
20200205-1455  2020-02-05 14:55:57  2020-02-05 15:44:29   48.53   74
20200215-0029  2020-02-15 00:29:32  2020-02-15 00:39:49   10.28    4
20200228-0231  2020-02-28 02:31:37  2020-02-28 02:37:28    5.85    5
20200301-0036  2020-03-01 00:36:03  2020-03-01 00:36:23    0.33    2
20200314-0603  2020-03-14 06:03:37  2020-03-14 06:08:03    4.43    7
20200315-0104  2020-03-15 01:04:30  2020-03-15 01:13:48    9.30    4
20200316-2155  2020-03-16 21:55:52  2020-03-16 23:27:45   91.88    5
20200317-1257  2020-03-17 12:57:42  2020-03-17 13:34:49   37.12   25
20200327-0309  2020-03-27 03:09:38  2020-03-27 03:14:20    4.70    5
20200327-2336  2020-03-27 23:36:14  2020-03-27 23:45:29    9.26    4
20200328-2113  2020-03-28 21:13:42  2020-03-28 21:24:37   10.91    5
20200329-1630  2020-03-29 16:30:11  2020-03-29 16:32:22    2.17    3
20200401-1652  2020-04-01 16:52:28  2020-04-01 17:26:47   34.32    4
20200403-2103  2020-04-03 21:03:46  2020-04-03 22:05:36   61.84   14
20200430-0953  2020-04-30 09:53:42  2020-04-30 10:14:06   20.39    7
20200506-1016  2020-05-06 10:16:58  2020-05-06 10:49:56   32.95    8
20200507-2149  2020-05-07 21:49:51  2020-05-07 21:52:33    2.71    6
20200509-2352  2020-05-09 23:52:36  2020-05-09 23:54:02    1.43    6
20200511-0643  2020-05-11 06:43:00  2020-05-11 06:43:09    0.15    2
20200511-2153  2020-05-11 21:53:08  2020-05-11 22:07:10   14.04    5
20200520-0202  2020-05-20 02:02:08  2020-05-20 02:03:31    1.38    4
20200520-1107  2020-05-20 11:07:11  2020-05-20 13:19:27  132.27   17
20200604-2359  2020-06-04 23:59:15  2020-06-05 00:04:50    5.58    3
20200608-0541  2020-06-08 05:37:12  2020-06-08 05:56:39   19.45   19
20200611-0122  2020-06-11 01:22:51  2020-06-11 01:36:51   14.00    8
20200611-1601  2020-06-11 16:01:34  2020-06-11 18:45:26  163.88   99
20200624-2103  2020-06-24 21:03:54  2020-06-24 21:26:49   22.92    4
20200629-1509  2020-06-29 15:09:45  2020-06-29 15:20:33   10.80    3
20200707-0834  2020-07-07 08:34:02  2020-07-07 09:54:29   80.44   26
20200715-0808  2020-07-15 08:08:49  2020-07-15 08:18:04    9.25    8
20200720-0702  2020-07-20 07:02:05  2020-07-20 07:42:35   40.50   11
20200723-2011  2020-07-23 20:11:50  2020-07-23 20:17:59    6.14    4
20200809-1724  2020-08-09 17:24:42  2020-08-09 18:52:05   87.38   16
20200813-0253  2020-08-13 02:53:27  2020-08-13 02:54:01    0.57    4
20200817-1318  2020-08-17 13:18:09  2020-08-17 13:38:57   20.80   32
20200822-0101  2020-08-22 01:01:21  2020-08-22 01:28:37   27.26    6
20200824-1308  2020-08-24 13:08:36  2020-08-24 13:18:36   10.00   10
20200828-0220  2020-08-28 02:20:33  2020-08-28 02:50:17   29.73    9
20200907-1350  2020-09-07 13:50:23  2020-09-07 14:06:16   15.89    4
20200924-2311  2020-09-24 23:11:18  2020-09-24 23:22:37   11.31    7
20201004-0550  2020-10-04 05:50:20  2020-10-04 07:02:04   71.72   23
20201004-1005  2020-10-04 10:05:13  2020-10-04 12:52:18  167.08   33
20201006-1853  2020-10-06 18:53:13  2020-10-06 19:09:26   16.23   14
20201014-1800  2020-10-14 18:00:51  2020-10-14 18:02:03    1.20    7
20201114-0732  2020-11-14 07:32:33  2020-11-14 07:41:16    8.71    7
20201115-1402  2020-11-15 14:02:00  2020-11-15 14:51:26   49.44   10
20201120-2335  2020-11-20 23:35:06  2020-11-20 23:50:41   15.58    4
20201122-1700  2020-11-22 17:03:34  2020-11-22 17:05:54    2.33   10
20201203-0737  2020-12-03 07:37:44  2020-12-03 07:46:54    9.16    7
20201203-2155  2020-12-03 21:55:36  2020-12-03 21:57:03    1.44    4
20201205-1226  2020-12-05 12:26:35  2020-12-05 12:43:26   16.84    4
20201206-2156  2020-12-06 21:56:06  2020-12-06 22:07:39   11.54   10
20201223-1458  2020-12-23 14:58:07  2020-12-23 18:19:24  201.29    8
20201228-0116  2020-12-28 01:16:04  2020-12-28 01:37:23   21.31    5
20201231-0357  2020-12-31 03:57:34  2020-12-31 04:17:26   19.87   60
20201231-1328  2020-12-31 13:28:47  2020-12-31 16:52:16  203.48   36
20210104-1939  2021-01-04 19:39:56  2021-01-04 20:06:46   26.83   10
20210104-2247  2021-01-04 22:47:07  2021-01-04 23:23:19   36.20   38
20210107-1449  2021-01-07 14:49:31  2021-01-07 15:03:28   13.95   18
20210107-1627  2021-01-07 16:27:43  2021-01-07 16:28:30    0.79    3
20210113-0943  2021-01-13 09:43:45  2021-01-13 09:44:18    0.54    3
20210115-1132  2021-01-15 11:32:32  2021-01-15 11:44:44   12.19    7
20210202-2047  2021-02-02 20:47:59  2021-02-02 23:26:54  158.92   12
20210204-0020  2021-02-04 00:20:06  2021-02-04 00:25:19    5.21    5
20210220-2109  2021-02-20 21:09:09  2021-02-20 23:21:14  132.09   25
20210319-0526  2021-03-19 05:26:35  2021-03-19 05:37:30   10.91   15
20210331-1439  2021-03-31 14:39:40  2021-03-31 15:57:26   77.76   18
20210403-1124  2021-04-03 11:24:58  2021-04-03 11:29:42    4.74   14
20210408-2229  2021-04-08 22:29:37  2021-04-08 22:44:31   14.91    7
20210413-2125  2021-04-13 21:25:23  2021-04-13 21:57:42   32.31   26
20210423-0351  2021-04-23 03:51:26  2021-04-23 04:07:23   15.96    8
20210425-1726  2021-04-25 17:26:39  2021-04-25 17:35:51    9.21    4
20210426-0128  2021-04-26 01:28:07  2021-04-26 01:37:17    9.16    9
20210428-1242  2021-04-28 12:42:05  2021-04-28 12:52:28   10.39    7
20210506-0802  2021-05-06 08:02:12  2021-05-06 08:30:38   28.43   33
20210514-1236  2021-05-14 12:36:47  2021-05-14 14:11:16   94.49   31
20210529-0200  2021-05-29 02:00:53  2021-05-29 02:01:15    0.35    2
20210529-1156  2021-05-29 11:56:53  2021-05-29 12:10:46   13.89   11
20210601-0951  2021-06-01 09:51:29  2021-06-01 10:18:43   27.23   22
20210603-0513  2021-06-03 05:13:16  2021-06-03 06:23:48   70.53   16
20210608-1801  2021-06-08 18:01:05  2021-06-08 18:37:16   36.18   36
20210614-1330  2021-06-14 13:30:58  2021-06-14 13:31:35    0.61    6
20210618-0242  2021-06-18 02:42:16  2021-06-18 02:42:55    0.65    4
20210620-1238  2021-06-20 12:37:49  2021-06-20 13:54:40   76.85    5
20210623-1423  2021-06-23 14:23:39  2021-06-23 14:39:09   15.50    7
20210625-1238  2021-06-25 12:38:53  2021-06-25 12:39:01    0.12    2
20210626-0816  2021-06-26 08:16:19  2021-06-26 10:35:49  139.50   17
20210706-2025  2021-07-06 20:25:30  2021-07-06 20:25:50    0.32    4
20210712-0441  2021-07-12 04:41:16  2021-07-12 05:25:22   44.10   11
20210713-1525  2021-07-13 15:25:30  2021-07-13 15:28:20    2.83    4
20210714-0723  2021-07-14 07:23:42  2021-07-14 08:46:19   82.63   23
20210723-1128  2021-07-23 11:28:09  2021-07-23 11:35:08    6.98    4
20210723-1450  2021-07-23 14:50:02  2021-07-23 15:05:26   15.41    5
20210727-1125  2021-07-27 11:25:59  2021-07-27 11:27:09    1.16    2
20210727-1646  2021-07-27 16:46:17  2021-07-27 16:48:09    1.86    2
20210728-0337  2021-07-28 03:37:20  2021-07-28 03:42:44    5.40    4
20210730-1220  2021-07-30 12:20:47  2021-07-30 12:24:58    4.18    4
20210801-0040  2021-08-01 00:40:27  2021-08-01 00:46:42    6.26   17
20210801-1453  2021-08-01 14:53:42  2021-08-01 15:01:33    7.85    6
20210806-0607  2021-08-06 06:07:53  2021-08-06 06:08:04    0.19    2
20210806-0915  2021-08-06 09:15:17  2021-08-06 10:02:10   46.88   27
20210808-1601  2021-08-08 16:01:27  2021-08-08 16:41:12   39.76   12
20210816-0613  2021-08-16 06:13:10  2021-08-16 06:26:03   12.89   27
20210818-1728  2021-08-18 17:28:44  2021-08-18 17:51:59   23.26   10
20210820-2313  2021-08-20 23:13:23  2021-08-21 00:23:21   69.96    8
20210824-0727  2021-08-24 07:27:28  2021-08-24 07:55:54   28.42   21
20210824-2329  2021-08-24 23:29:27  2021-08-24 23:52:42   23.25   11
20210825-0252  2021-08-25 02:52:27  2021-08-25 03:34:29   42.03   34
20210828-0443  2021-08-28 04:43:29  2021-08-28 04:50:04    6.58    5
20210831-0332  2021-08-31 03:32:10  2021-08-31 04:10:32   38.37   13
20210901-0653  2021-09-01 06:53:40  2021-09-01 07:19:16   25.59   19
20210909-1258  2021-09-09 12:58:01  2021-09-09 12:58:35    0.56    4
20210911-0315  2021-09-11 03:15:31  2021-09-11 03:15:34    0.05    3
20210913-0838  2021-09-13 08:38:18  2021-09-13 08:55:04   16.77    7
20210914-1133  2021-09-14 11:33:12  2021-09-14 11:38:55    5.71    9
20210915-0214  2021-09-15 02:14:31  2021-09-15 02:36:59   22.46   15
20210915-0646  2021-09-15 06:46:37  2021-09-15 06:56:24    9.77    8
20210916-0430  2021-09-16 04:30:07  2021-09-16 05:15:57   45.84   10
20210917-1912  2021-09-17 19:12:44  2021-09-17 19:36:52   24.14    4
20210918-1723  2021-09-18 17:23:36  2021-09-18 17:59:34   35.98   17
20210918-2250  2021-09-18 22:50:44  2021-09-18 22:52:20    1.60    5
20210919-2001  2021-09-19 20:01:50  2021-09-19 20:12:16   10.43   13
20210920-1730  2021-09-20 17:30:55  2021-09-20 17:43:38   12.73    8
20210920-1937  2021-09-20 19:37:04  2021-09-20 19:44:24    7.34    3
20210923-0331  2021-09-23 03:31:49  2021-09-23 03:48:12   16.38   13
20210924-0302  2021-09-24 03:02:44  2021-09-24 03:29:16   26.54    9
20210927-1243  2021-09-27 12:43:39  2021-09-27 13:00:08   16.48    6
20211003-2328  2021-10-03 23:28:05  2021-10-03 23:29:39    1.57    2
20211006-2033  2021-10-06 20:33:46  2021-10-06 21:39:03   65.28   25
20211010-1933  2021-10-10 19:33:25  2021-10-10 19:59:47   26.36   41
20211015-0143  2021-10-15 01:43:21  2021-10-15 01:58:44   15.39    7
20211018-2039  2021-10-18 20:39:55  2021-10-18 21:52:27   72.54   15
20211023-1706  2021-10-23 17:06:27  2021-10-23 17:20:44   14.28    5
20211028-2100  2021-10-28 21:00:47  2021-10-28 21:08:36    7.82   16
20211105-2141  2021-11-05 21:41:32  2021-11-05 21:53:12   11.65    8
20211108-2253  2021-11-08 22:53:03  2021-11-08 23:04:37   11.55   12
20211109-0138  2021-11-09 01:38:24  2021-11-09 01:58:43   20.33   14
20211114-0210  2021-11-14 02:10:00  2021-11-14 02:28:02   18.04   13
20211118-0842  2021-11-18 08:42:52  2021-11-18 09:14:59   32.12   11
20211119-1511  2021-11-19 15:11:13  2021-11-19 15:26:31   15.30   12
20211121-0449  2021-11-21 04:49:44  2021-11-21 08:19:30  209.78   19
20211121-1944  2021-11-21 19:44:36  2021-11-21 19:48:40    4.07    6
20211125-1443  2021-11-25 14:43:21  2021-11-25 14:51:47    8.42   13
20211126-1706  2021-11-26 17:06:31  2021-11-26 17:46:10   39.66   23
20211129-0710  2021-11-29 07:10:33  2021-11-29 07:35:42   25.16    8
20211130-1953  2021-11-30 19:53:10  2021-11-30 20:53:38   60.48   37
20211203-0422  2021-12-03 04:22:26  2021-12-03 04:22:35    0.16    2
20211205-0816  2021-12-05 08:16:19  2021-12-05 08:37:03   20.74   29
20211213-0349  2021-12-13 03:49:17  2021-12-13 03:59:22   10.08   13
20211216-1835  2021-12-16 18:35:37  2021-12-16 19:56:28   80.85   20
20211216-2350  2021-12-16 23:50:29  2021-12-17 00:06:55   16.44    9
20211222-0830  2021-12-22 08:30:00  2021-12-22 09:22:45   52.73   10
20211223-0300  2021-12-23 03:00:56  2021-12-23 03:06:45    5.82   18
20211228-2223  2021-12-28 22:23:56  2021-12-28 22:50:12   26.26   49
20220109-0654  2022-01-09 06:54:39  2022-01-09 06:54:44    0.08    2
20220114-0206  2022-01-14 02:06:36  2022-01-14 02:53:25   46.82   30
20220120-0420  2022-01-20 04:20:51  2022-01-20 04:21:36    0.75    4
20220120-1426  2022-01-20 14:26:50  2022-01-20 14:33:09    6.32   10
20220124-0205  2022-01-24 02:05:49  2022-01-24 02:12:22    6.55    8
20220127-1346  2022-01-27 13:46:06  2022-01-27 14:29:42   43.61   19
20220129-0208  2022-01-29 02:06:00  2022-01-29 02:39:10   33.16    7
20220130-0306  2022-01-30 03:06:39  2022-01-30 05:34:03  147.40   21
20220201-1023  2022-02-01 10:23:23  2022-02-01 10:40:51   17.46   10
20220202-0525  2022-02-02 05:25:19  2022-02-02 06:03:36   38.28   23
20220204-1521  2022-02-04 15:21:17  2022-02-04 16:15:25   54.13   31
20220205-1132  2022-02-05 11:32:22  2022-02-05 11:39:40    7.29    2
20220212-0331  2022-02-12 03:31:17  2022-02-12 03:57:50   26.56   26
20220214-1656  2022-02-14 16:56:30  2022-02-14 17:22:51   26.35   11
20220217-1134  2022-02-17 11:34:01  2022-02-17 12:30:16   56.24   18
20220220-1405  2022-02-20 14:05:56  2022-02-20 14:12:00    6.07    6
20220223-0322  2022-02-23 03:22:31  2022-02-23 03:28:01    5.51   14
20220225-1333  2022-02-25 13:33:10  2022-02-25 13:38:20    5.16    7
20220225-1750  2022-02-25 17:50:18  2022-02-25 17:50:32    0.22    3
20220225-1919  2022-02-25 19:19:26  2022-02-25 19:22:59    3.55    7
20220317-1519  2022-03-17 15:19:57  2022-03-17 15:24:38    4.68    5
20220322-1854  2022-03-22 18:54:13  2022-03-22 18:54:31    0.29    2
20220323-0053  2022-03-23 00:53:56  2022-03-23 00:54:29    0.55    2
20220324-1554  2022-03-24 15:54:50  2022-03-24 16:00:56    6.10    5
20220329-1929  2022-03-29 19:29:23  2022-03-29 19:40:35   11.19   10
20220331-0149  2022-03-31 01:49:24  2022-03-31 01:59:07    9.72   18
20220409-1850  2022-04-09 18:50:53  2022-04-09 21:34:07  163.24    6
20220412-0002  2022-04-12 00:02:28  2022-04-12 00:34:47   32.32    7
20220417-0531  2022-04-17 05:31:19  2022-04-17 05:44:14   12.92   27
20220420-1545  2022-04-20 15:45:35  2022-04-20 16:14:29   28.90    4
20220422-0818  2022-04-22 08:18:18  2022-04-22 08:19:23    1.08    3
20220427-0837  2022-04-27 08:37:11  2022-04-27 09:24:24   47.21   14
20220428-0246  2022-04-28 02:46:16  2022-04-28 03:28:14   41.98    6
20220428-2345  2022-04-28 23:45:26  2022-04-28 23:48:28    3.03    9
20220429-2335  2022-04-29 23:35:18  2022-04-29 23:39:12    3.91    4
20220503-1959  2022-05-03 19:59:11  2022-05-03 23:33:33  214.36   29
20220506-1626  2022-05-06 16:26:56  2022-05-06 16:27:32    0.60    5
20220508-1158  2022-05-08 11:58:58  2022-05-08 12:41:31   42.56    2
20220516-1002  2022-05-16 10:02:42  2022-05-16 10:14:13   11.52    5
20220518-1155  2022-05-18 11:55:12  2022-05-18 12:10:38   15.45   17
20220522-1917  2022-05-22 19:17:38  2022-05-22 19:18:13    0.58    2
20220525-1257  2022-05-25 12:57:25  2022-05-25 12:58:24    0.98    3
20220527-1100  2022-05-27 11:00:13  2022-05-27 11:03:02    2.81    4
20220529-0234  2022-05-29 02:34:38  2022-05-29 16:31:12  836.57   16
